<?xml version="1.0" encoding="UTF-8" ?>
<testsuite tests="1" failures="1" name="com.tzegos.JUnitTestWithMockFramework" time="0.003" errors="0" skipped="0">
  <properties>
[...]
</properties>
  <testcase classname="com.tzegos.JUnitTestWithMockFramework" name="com.tzegos.JUnitTestWithMockFramework.testNetwork" time="0.003">
    <failure message="expected: not &lt;null&gt;" type="org.opentest4j.AssertionFailedError">org.opentest4j.AssertionFailedError: expected: not &lt;null&gt;
	at org.junit.jupiter.api.AssertionUtils.fail(AssertionUtils.java:38)
	at org.junit.jupiter.api.Assertions.fail(Assertions.java:84)
	at org.junit.jupiter.api.AssertNotNull.failNull(AssertNotNull.java:47)
	at org.junit.jupiter.api.AssertNotNull.assertNotNull(AssertNotNull.java:36)
	at org.junit.jupiter.api.AssertNotNull.assertNotNull(AssertNotNull.java:31)
	at org.junit.jupiter.api.Assertions.assertNotNull(Assertions.java:258)
	at com.tzegos.JUnitTestWithMockFramework.testNetwork(JUnitTestWithMockFramework.java:25)
</failure>
  </testcase>
</testsuite>